INFO:root: tact: 1 acc: 0 memory_address: 0 PC: 0 inst: {'opcode': 'READ', 'address': 987}
INFO:root: tact: 2 acc: 0 memory_address: 987 PC: 1 inst: {'opcode': 'READ', 'address': 987}
INFO:root: tact: 3 acc: 0 memory_address: 1 PC: 1 inst: {'opcode': 'WRITE', 'address': 1001}
INFO:root: tact: 4 acc: 0 memory_address: 1001 PC: 2 inst: {'opcode': 'WRITE', 'address': 1001}
INFO:root: tact: 5 acc: 0 memory_address: 2 PC: 2 inst: {'opcode': 'READ', 'address': 1001}
INFO:root: tact: 6 acc: 0 memory_address: 1001 PC: 3 inst: {'opcode': 'READ', 'address': 1001}
INFO:root: tact: 7 acc: 0 memory_address: 3 PC: 3 inst: {'opcode': 'SUB', 'address': 1000}
INFO:root: tact: 8 acc: -12 memory_address: 1000 PC: 4 inst: {'opcode': 'SUB', 'address': 1000}
INFO:root: tact: 9 acc: -12 memory_address: 4 PC: 4 inst: {'opcode': 'JMPS', 'address': 985}
INFO:root: tact: 10 acc: -12 memory_address: 4 PC: 6 inst: {'opcode': 'JMPS', 'address': 985}
INFO:root: tact: 11 acc: -12 memory_address: 6 PC: 6 inst: {'opcode': 'READ', 'address': 1001}
INFO:root: tact: 12 acc: 0 memory_address: 1001 PC: 7 inst: {'opcode': 'READ', 'address': 1001}
INFO:root: tact: 13 acc: 0 memory_address: 7 PC: 7 inst: {'opcode': 'ADD', 'address': 986}
INFO:root: tact: 14 acc: 1 memory_address: 986 PC: 8 inst: {'opcode': 'ADD', 'address': 986}
INFO:root: tact: 15 acc: 1 memory_address: 8 PC: 8 inst: {'opcode': 'WRITE', 'address': 1001}
INFO:root: tact: 16 acc: 1 memory_address: 1001 PC: 9 inst: {'opcode': 'WRITE', 'address': 1001}
INFO:root: tact: 17 acc: 1 memory_address: 9 PC: 9 inst: {'opcode': 'READADR', 'address': 1000}
INFO:root: tact: 18 acc: 1 memory_address: 1000 PC: 9 inst: {'opcode': 'READADR', 'address': 1000}
INFO:root: tact: 19 acc: 1000 memory_address: 1000 PC: 10 inst: {'opcode': 'READADR', 'address': 1000}
INFO:root: tact: 20 acc: 1000 memory_address: 10 PC: 10 inst: {'opcode': 'SUB', 'address': 1001}
INFO:root: tact: 21 acc: 999 memory_address: 1001 PC: 11 inst: {'opcode': 'SUB', 'address': 1001}
INFO:root: tact: 22 acc: 999 memory_address: 11 PC: 11 inst: {'opcode': 'WRITEADR', 'address': 0}
INFO:root: tact: 23 acc: 999 memory_address: 999 PC: 11 inst: {'opcode': 'WRITEADR', 'address': 0}
INFO:root: tact: 24 acc: 72 memory_address: 999 PC: 12 inst: {'opcode': 'WRITEADR', 'address': 0}
INFO:root: tact: 25 acc: 72 memory_address: 12 PC: 12 inst: {'opcode': 'OUTPUT', 'address': 1}
INFO:root: tact: 26 acc: 72 memory_address: 12 PC: 13 inst: {'opcode': 'OUTPUT', 'address': 1}
INFO:root: tact: 27 acc: 72 memory_address: 13 PC: 13 inst: {'opcode': 'JUMP', 'address': -11}
INFO:root: tact: 28 acc: 72 memory_address: 13 PC: 2 inst: {'opcode': 'JUMP', 'address': -11}
INFO:root: tact: 29 acc: 72 memory_address: 2 PC: 2 inst: {'opcode': 'READ', 'address': 1001}
INFO:root: tact: 30 acc: 1 memory_address: 1001 PC: 3 inst: {'opcode': 'READ', 'address': 1001}
INFO:root: tact: 31 acc: 1 memory_address: 3 PC: 3 inst: {'opcode': 'SUB', 'address': 1000}
INFO:root: tact: 32 acc: -11 memory_address: 1000 PC: 4 inst: {'opcode': 'SUB', 'address': 1000}
INFO:root: tact: 33 acc: -11 memory_address: 4 PC: 4 inst: {'opcode': 'JMPS', 'address': 985}
INFO:root: tact: 34 acc: -11 memory_address: 4 PC: 6 inst: {'opcode': 'JMPS', 'address': 985}
INFO:root: tact: 35 acc: -11 memory_address: 6 PC: 6 inst: {'opcode': 'READ', 'address': 1001}
INFO:root: tact: 36 acc: 1 memory_address: 1001 PC: 7 inst: {'opcode': 'READ', 'address': 1001}
INFO:root: tact: 37 acc: 1 memory_address: 7 PC: 7 inst: {'opcode': 'ADD', 'address': 986}
INFO:root: tact: 38 acc: 2 memory_address: 986 PC: 8 inst: {'opcode': 'ADD', 'address': 986}
INFO:root: tact: 39 acc: 2 memory_address: 8 PC: 8 inst: {'opcode': 'WRITE', 'address': 1001}
INFO:root: tact: 40 acc: 2 memory_address: 1001 PC: 9 inst: {'opcode': 'WRITE', 'address': 1001}
INFO:root: tact: 41 acc: 2 memory_address: 9 PC: 9 inst: {'opcode': 'READADR', 'address': 1000}
INFO:root: tact: 42 acc: 2 memory_address: 1000 PC: 9 inst: {'opcode': 'READADR', 'address': 1000}
INFO:root: tact: 43 acc: 1000 memory_address: 1000 PC: 10 inst: {'opcode': 'READADR', 'address': 1000}
INFO:root: tact: 44 acc: 1000 memory_address: 10 PC: 10 inst: {'opcode': 'SUB', 'address': 1001}
INFO:root: tact: 45 acc: 998 memory_address: 1001 PC: 11 inst: {'opcode': 'SUB', 'address': 1001}
INFO:root: tact: 46 acc: 998 memory_address: 11 PC: 11 inst: {'opcode': 'WRITEADR', 'address': 0}
INFO:root: tact: 47 acc: 998 memory_address: 998 PC: 11 inst: {'opcode': 'WRITEADR', 'address': 0}
INFO:root: tact: 48 acc: 101 memory_address: 998 PC: 12 inst: {'opcode': 'WRITEADR', 'address': 0}
INFO:root: tact: 49 acc: 101 memory_address: 12 PC: 12 inst: {'opcode': 'OUTPUT', 'address': 1}
INFO:root: tact: 50 acc: 101 memory_address: 12 PC: 13 inst: {'opcode': 'OUTPUT', 'address': 1}
INFO:root: tact: 51 acc: 101 memory_address: 13 PC: 13 inst: {'opcode': 'JUMP', 'address': -11}
INFO:root: tact: 52 acc: 101 memory_address: 13 PC: 2 inst: {'opcode': 'JUMP', 'address': -11}
INFO:root: tact: 53 acc: 101 memory_address: 2 PC: 2 inst: {'opcode': 'READ', 'address': 1001}
INFO:root: tact: 54 acc: 2 memory_address: 1001 PC: 3 inst: {'opcode': 'READ', 'address': 1001}
INFO:root: tact: 55 acc: 2 memory_address: 3 PC: 3 inst: {'opcode': 'SUB', 'address': 1000}
INFO:root: tact: 56 acc: -10 memory_address: 1000 PC: 4 inst: {'opcode': 'SUB', 'address': 1000}
INFO:root: tact: 57 acc: -10 memory_address: 4 PC: 4 inst: {'opcode': 'JMPS', 'address': 985}
INFO:root: tact: 58 acc: -10 memory_address: 4 PC: 6 inst: {'opcode': 'JMPS', 'address': 985}
INFO:root: tact: 59 acc: -10 memory_address: 6 PC: 6 inst: {'opcode': 'READ', 'address': 1001}
INFO:root: tact: 60 acc: 2 memory_address: 1001 PC: 7 inst: {'opcode': 'READ', 'address': 1001}
INFO:root: tact: 61 acc: 2 memory_address: 7 PC: 7 inst: {'opcode': 'ADD', 'address': 986}
INFO:root: tact: 62 acc: 3 memory_address: 986 PC: 8 inst: {'opcode': 'ADD', 'address': 986}
INFO:root: tact: 63 acc: 3 memory_address: 8 PC: 8 inst: {'opcode': 'WRITE', 'address': 1001}
INFO:root: tact: 64 acc: 3 memory_address: 1001 PC: 9 inst: {'opcode': 'WRITE', 'address': 1001}
INFO:root: tact: 65 acc: 3 memory_address: 9 PC: 9 inst: {'opcode': 'READADR', 'address': 1000}
INFO:root: tact: 66 acc: 3 memory_address: 1000 PC: 9 inst: {'opcode': 'READADR', 'address': 1000}
INFO:root: tact: 67 acc: 1000 memory_address: 1000 PC: 10 inst: {'opcode': 'READADR', 'address': 1000}
INFO:root: tact: 68 acc: 1000 memory_address: 10 PC: 10 inst: {'opcode': 'SUB', 'address': 1001}
INFO:root: tact: 69 acc: 997 memory_address: 1001 PC: 11 inst: {'opcode': 'SUB', 'address': 1001}
INFO:root: tact: 70 acc: 997 memory_address: 11 PC: 11 inst: {'opcode': 'WRITEADR', 'address': 0}
INFO:root: tact: 71 acc: 997 memory_address: 997 PC: 11 inst: {'opcode': 'WRITEADR', 'address': 0}
INFO:root: tact: 72 acc: 108 memory_address: 997 PC: 12 inst: {'opcode': 'WRITEADR', 'address': 0}
INFO:root: tact: 73 acc: 108 memory_address: 12 PC: 12 inst: {'opcode': 'OUTPUT', 'address': 1}
INFO:root: tact: 74 acc: 108 memory_address: 12 PC: 13 inst: {'opcode': 'OUTPUT', 'address': 1}
INFO:root: tact: 75 acc: 108 memory_address: 13 PC: 13 inst: {'opcode': 'JUMP', 'address': -11}
INFO:root: tact: 76 acc: 108 memory_address: 13 PC: 2 inst: {'opcode': 'JUMP', 'address': -11}
INFO:root: tact: 77 acc: 108 memory_address: 2 PC: 2 inst: {'opcode': 'READ', 'address': 1001}
INFO:root: tact: 78 acc: 3 memory_address: 1001 PC: 3 inst: {'opcode': 'READ', 'address': 1001}
INFO:root: tact: 79 acc: 3 memory_address: 3 PC: 3 inst: {'opcode': 'SUB', 'address': 1000}
INFO:root: tact: 80 acc: -9 memory_address: 1000 PC: 4 inst: {'opcode': 'SUB', 'address': 1000}
INFO:root: tact: 81 acc: -9 memory_address: 4 PC: 4 inst: {'opcode': 'JMPS', 'address': 985}
INFO:root: tact: 82 acc: -9 memory_address: 4 PC: 6 inst: {'opcode': 'JMPS', 'address': 985}
INFO:root: tact: 83 acc: -9 memory_address: 6 PC: 6 inst: {'opcode': 'READ', 'address': 1001}
INFO:root: tact: 84 acc: 3 memory_address: 1001 PC: 7 inst: {'opcode': 'READ', 'address': 1001}
INFO:root: tact: 85 acc: 3 memory_address: 7 PC: 7 inst: {'opcode': 'ADD', 'address': 986}
INFO:root: tact: 86 acc: 4 memory_address: 986 PC: 8 inst: {'opcode': 'ADD', 'address': 986}
INFO:root: tact: 87 acc: 4 memory_address: 8 PC: 8 inst: {'opcode': 'WRITE', 'address': 1001}
INFO:root: tact: 88 acc: 4 memory_address: 1001 PC: 9 inst: {'opcode': 'WRITE', 'address': 1001}
INFO:root: tact: 89 acc: 4 memory_address: 9 PC: 9 inst: {'opcode': 'READADR', 'address': 1000}
INFO:root: tact: 90 acc: 4 memory_address: 1000 PC: 9 inst: {'opcode': 'READADR', 'address': 1000}
INFO:root: tact: 91 acc: 1000 memory_address: 1000 PC: 10 inst: {'opcode': 'READADR', 'address': 1000}
INFO:root: tact: 92 acc: 1000 memory_address: 10 PC: 10 inst: {'opcode': 'SUB', 'address': 1001}
INFO:root: tact: 93 acc: 996 memory_address: 1001 PC: 11 inst: {'opcode': 'SUB', 'address': 1001}
INFO:root: tact: 94 acc: 996 memory_address: 11 PC: 11 inst: {'opcode': 'WRITEADR', 'address': 0}
INFO:root: tact: 95 acc: 996 memory_address: 996 PC: 11 inst: {'opcode': 'WRITEADR', 'address': 0}
INFO:root: tact: 96 acc: 108 memory_address: 996 PC: 12 inst: {'opcode': 'WRITEADR', 'address': 0}
INFO:root: tact: 97 acc: 108 memory_address: 12 PC: 12 inst: {'opcode': 'OUTPUT', 'address': 1}
INFO:root: tact: 98 acc: 108 memory_address: 12 PC: 13 inst: {'opcode': 'OUTPUT', 'address': 1}
INFO:root: tact: 99 acc: 108 memory_address: 13 PC: 13 inst: {'opcode': 'JUMP', 'address': -11}
INFO:root: tact: 100 acc: 108 memory_address: 13 PC: 2 inst: {'opcode': 'JUMP', 'address': -11}
INFO:root: tact: 101 acc: 108 memory_address: 2 PC: 2 inst: {'opcode': 'READ', 'address': 1001}
INFO:root: tact: 102 acc: 4 memory_address: 1001 PC: 3 inst: {'opcode': 'READ', 'address': 1001}
INFO:root: tact: 103 acc: 4 memory_address: 3 PC: 3 inst: {'opcode': 'SUB', 'address': 1000}
INFO:root: tact: 104 acc: -8 memory_address: 1000 PC: 4 inst: {'opcode': 'SUB', 'address': 1000}
INFO:root: tact: 105 acc: -8 memory_address: 4 PC: 4 inst: {'opcode': 'JMPS', 'address': 985}
INFO:root: tact: 106 acc: -8 memory_address: 4 PC: 6 inst: {'opcode': 'JMPS', 'address': 985}
INFO:root: tact: 107 acc: -8 memory_address: 6 PC: 6 inst: {'opcode': 'READ', 'address': 1001}
INFO:root: tact: 108 acc: 4 memory_address: 1001 PC: 7 inst: {'opcode': 'READ', 'address': 1001}
INFO:root: tact: 109 acc: 4 memory_address: 7 PC: 7 inst: {'opcode': 'ADD', 'address': 986}
INFO:root: tact: 110 acc: 5 memory_address: 986 PC: 8 inst: {'opcode': 'ADD', 'address': 986}
INFO:root: tact: 111 acc: 5 memory_address: 8 PC: 8 inst: {'opcode': 'WRITE', 'address': 1001}
INFO:root: tact: 112 acc: 5 memory_address: 1001 PC: 9 inst: {'opcode': 'WRITE', 'address': 1001}
INFO:root: tact: 113 acc: 5 memory_address: 9 PC: 9 inst: {'opcode': 'READADR', 'address': 1000}
INFO:root: tact: 114 acc: 5 memory_address: 1000 PC: 9 inst: {'opcode': 'READADR', 'address': 1000}
INFO:root: tact: 115 acc: 1000 memory_address: 1000 PC: 10 inst: {'opcode': 'READADR', 'address': 1000}
INFO:root: tact: 116 acc: 1000 memory_address: 10 PC: 10 inst: {'opcode': 'SUB', 'address': 1001}
INFO:root: tact: 117 acc: 995 memory_address: 1001 PC: 11 inst: {'opcode': 'SUB', 'address': 1001}
INFO:root: tact: 118 acc: 995 memory_address: 11 PC: 11 inst: {'opcode': 'WRITEADR', 'address': 0}
INFO:root: tact: 119 acc: 995 memory_address: 995 PC: 11 inst: {'opcode': 'WRITEADR', 'address': 0}
INFO:root: tact: 120 acc: 111 memory_address: 995 PC: 12 inst: {'opcode': 'WRITEADR', 'address': 0}
INFO:root: tact: 121 acc: 111 memory_address: 12 PC: 12 inst: {'opcode': 'OUTPUT', 'address': 1}
INFO:root: tact: 122 acc: 111 memory_address: 12 PC: 13 inst: {'opcode': 'OUTPUT', 'address': 1}
INFO:root: tact: 123 acc: 111 memory_address: 13 PC: 13 inst: {'opcode': 'JUMP', 'address': -11}
INFO:root: tact: 124 acc: 111 memory_address: 13 PC: 2 inst: {'opcode': 'JUMP', 'address': -11}
INFO:root: tact: 125 acc: 111 memory_address: 2 PC: 2 inst: {'opcode': 'READ', 'address': 1001}
INFO:root: tact: 126 acc: 5 memory_address: 1001 PC: 3 inst: {'opcode': 'READ', 'address': 1001}
INFO:root: tact: 127 acc: 5 memory_address: 3 PC: 3 inst: {'opcode': 'SUB', 'address': 1000}
INFO:root: tact: 128 acc: -7 memory_address: 1000 PC: 4 inst: {'opcode': 'SUB', 'address': 1000}
INFO:root: tact: 129 acc: -7 memory_address: 4 PC: 4 inst: {'opcode': 'JMPS', 'address': 985}
INFO:root: tact: 130 acc: -7 memory_address: 4 PC: 6 inst: {'opcode': 'JMPS', 'address': 985}
INFO:root: tact: 131 acc: -7 memory_address: 6 PC: 6 inst: {'opcode': 'READ', 'address': 1001}
INFO:root: tact: 132 acc: 5 memory_address: 1001 PC: 7 inst: {'opcode': 'READ', 'address': 1001}
INFO:root: tact: 133 acc: 5 memory_address: 7 PC: 7 inst: {'opcode': 'ADD', 'address': 986}
INFO:root: tact: 134 acc: 6 memory_address: 986 PC: 8 inst: {'opcode': 'ADD', 'address': 986}
INFO:root: tact: 135 acc: 6 memory_address: 8 PC: 8 inst: {'opcode': 'WRITE', 'address': 1001}
INFO:root: tact: 136 acc: 6 memory_address: 1001 PC: 9 inst: {'opcode': 'WRITE', 'address': 1001}
INFO:root: tact: 137 acc: 6 memory_address: 9 PC: 9 inst: {'opcode': 'READADR', 'address': 1000}
INFO:root: tact: 138 acc: 6 memory_address: 1000 PC: 9 inst: {'opcode': 'READADR', 'address': 1000}
INFO:root: tact: 139 acc: 1000 memory_address: 1000 PC: 10 inst: {'opcode': 'READADR', 'address': 1000}
INFO:root: tact: 140 acc: 1000 memory_address: 10 PC: 10 inst: {'opcode': 'SUB', 'address': 1001}
INFO:root: tact: 141 acc: 994 memory_address: 1001 PC: 11 inst: {'opcode': 'SUB', 'address': 1001}
INFO:root: tact: 142 acc: 994 memory_address: 11 PC: 11 inst: {'opcode': 'WRITEADR', 'address': 0}
INFO:root: tact: 143 acc: 994 memory_address: 994 PC: 11 inst: {'opcode': 'WRITEADR', 'address': 0}
INFO:root: tact: 144 acc: 32 memory_address: 994 PC: 12 inst: {'opcode': 'WRITEADR', 'address': 0}
INFO:root: tact: 145 acc: 32 memory_address: 12 PC: 12 inst: {'opcode': 'OUTPUT', 'address': 1}
INFO:root: tact: 146 acc: 32 memory_address: 12 PC: 13 inst: {'opcode': 'OUTPUT', 'address': 1}
INFO:root: tact: 147 acc: 32 memory_address: 13 PC: 13 inst: {'opcode': 'JUMP', 'address': -11}
INFO:root: tact: 148 acc: 32 memory_address: 13 PC: 2 inst: {'opcode': 'JUMP', 'address': -11}
INFO:root: tact: 149 acc: 32 memory_address: 2 PC: 2 inst: {'opcode': 'READ', 'address': 1001}
INFO:root: tact: 150 acc: 6 memory_address: 1001 PC: 3 inst: {'opcode': 'READ', 'address': 1001}
INFO:root: tact: 151 acc: 6 memory_address: 3 PC: 3 inst: {'opcode': 'SUB', 'address': 1000}
INFO:root: tact: 152 acc: -6 memory_address: 1000 PC: 4 inst: {'opcode': 'SUB', 'address': 1000}
INFO:root: tact: 153 acc: -6 memory_address: 4 PC: 4 inst: {'opcode': 'JMPS', 'address': 985}
INFO:root: tact: 154 acc: -6 memory_address: 4 PC: 6 inst: {'opcode': 'JMPS', 'address': 985}
INFO:root: tact: 155 acc: -6 memory_address: 6 PC: 6 inst: {'opcode': 'READ', 'address': 1001}
INFO:root: tact: 156 acc: 6 memory_address: 1001 PC: 7 inst: {'opcode': 'READ', 'address': 1001}
INFO:root: tact: 157 acc: 6 memory_address: 7 PC: 7 inst: {'opcode': 'ADD', 'address': 986}
INFO:root: tact: 158 acc: 7 memory_address: 986 PC: 8 inst: {'opcode': 'ADD', 'address': 986}
INFO:root: tact: 159 acc: 7 memory_address: 8 PC: 8 inst: {'opcode': 'WRITE', 'address': 1001}
INFO:root: tact: 160 acc: 7 memory_address: 1001 PC: 9 inst: {'opcode': 'WRITE', 'address': 1001}
INFO:root: tact: 161 acc: 7 memory_address: 9 PC: 9 inst: {'opcode': 'READADR', 'address': 1000}
INFO:root: tact: 162 acc: 7 memory_address: 1000 PC: 9 inst: {'opcode': 'READADR', 'address': 1000}
INFO:root: tact: 163 acc: 1000 memory_address: 1000 PC: 10 inst: {'opcode': 'READADR', 'address': 1000}
INFO:root: tact: 164 acc: 1000 memory_address: 10 PC: 10 inst: {'opcode': 'SUB', 'address': 1001}
INFO:root: tact: 165 acc: 993 memory_address: 1001 PC: 11 inst: {'opcode': 'SUB', 'address': 1001}
INFO:root: tact: 166 acc: 993 memory_address: 11 PC: 11 inst: {'opcode': 'WRITEADR', 'address': 0}
INFO:root: tact: 167 acc: 993 memory_address: 993 PC: 11 inst: {'opcode': 'WRITEADR', 'address': 0}
INFO:root: tact: 168 acc: 87 memory_address: 993 PC: 12 inst: {'opcode': 'WRITEADR', 'address': 0}
INFO:root: tact: 169 acc: 87 memory_address: 12 PC: 12 inst: {'opcode': 'OUTPUT', 'address': 1}
INFO:root: tact: 170 acc: 87 memory_address: 12 PC: 13 inst: {'opcode': 'OUTPUT', 'address': 1}
INFO:root: tact: 171 acc: 87 memory_address: 13 PC: 13 inst: {'opcode': 'JUMP', 'address': -11}
INFO:root: tact: 172 acc: 87 memory_address: 13 PC: 2 inst: {'opcode': 'JUMP', 'address': -11}
INFO:root: tact: 173 acc: 87 memory_address: 2 PC: 2 inst: {'opcode': 'READ', 'address': 1001}
INFO:root: tact: 174 acc: 7 memory_address: 1001 PC: 3 inst: {'opcode': 'READ', 'address': 1001}
INFO:root: tact: 175 acc: 7 memory_address: 3 PC: 3 inst: {'opcode': 'SUB', 'address': 1000}
INFO:root: tact: 176 acc: -5 memory_address: 1000 PC: 4 inst: {'opcode': 'SUB', 'address': 1000}
INFO:root: tact: 177 acc: -5 memory_address: 4 PC: 4 inst: {'opcode': 'JMPS', 'address': 985}
INFO:root: tact: 178 acc: -5 memory_address: 4 PC: 6 inst: {'opcode': 'JMPS', 'address': 985}
INFO:root: tact: 179 acc: -5 memory_address: 6 PC: 6 inst: {'opcode': 'READ', 'address': 1001}
INFO:root: tact: 180 acc: 7 memory_address: 1001 PC: 7 inst: {'opcode': 'READ', 'address': 1001}
INFO:root: tact: 181 acc: 7 memory_address: 7 PC: 7 inst: {'opcode': 'ADD', 'address': 986}
INFO:root: tact: 182 acc: 8 memory_address: 986 PC: 8 inst: {'opcode': 'ADD', 'address': 986}
INFO:root: tact: 183 acc: 8 memory_address: 8 PC: 8 inst: {'opcode': 'WRITE', 'address': 1001}
INFO:root: tact: 184 acc: 8 memory_address: 1001 PC: 9 inst: {'opcode': 'WRITE', 'address': 1001}
INFO:root: tact: 185 acc: 8 memory_address: 9 PC: 9 inst: {'opcode': 'READADR', 'address': 1000}
INFO:root: tact: 186 acc: 8 memory_address: 1000 PC: 9 inst: {'opcode': 'READADR', 'address': 1000}
INFO:root: tact: 187 acc: 1000 memory_address: 1000 PC: 10 inst: {'opcode': 'READADR', 'address': 1000}
INFO:root: tact: 188 acc: 1000 memory_address: 10 PC: 10 inst: {'opcode': 'SUB', 'address': 1001}
INFO:root: tact: 189 acc: 992 memory_address: 1001 PC: 11 inst: {'opcode': 'SUB', 'address': 1001}
INFO:root: tact: 190 acc: 992 memory_address: 11 PC: 11 inst: {'opcode': 'WRITEADR', 'address': 0}
INFO:root: tact: 191 acc: 992 memory_address: 992 PC: 11 inst: {'opcode': 'WRITEADR', 'address': 0}
INFO:root: tact: 192 acc: 111 memory_address: 992 PC: 12 inst: {'opcode': 'WRITEADR', 'address': 0}
INFO:root: tact: 193 acc: 111 memory_address: 12 PC: 12 inst: {'opcode': 'OUTPUT', 'address': 1}
INFO:root: tact: 194 acc: 111 memory_address: 12 PC: 13 inst: {'opcode': 'OUTPUT', 'address': 1}
INFO:root: tact: 195 acc: 111 memory_address: 13 PC: 13 inst: {'opcode': 'JUMP', 'address': -11}
INFO:root: tact: 196 acc: 111 memory_address: 13 PC: 2 inst: {'opcode': 'JUMP', 'address': -11}
INFO:root: tact: 197 acc: 111 memory_address: 2 PC: 2 inst: {'opcode': 'READ', 'address': 1001}
INFO:root: tact: 198 acc: 8 memory_address: 1001 PC: 3 inst: {'opcode': 'READ', 'address': 1001}
INFO:root: tact: 199 acc: 8 memory_address: 3 PC: 3 inst: {'opcode': 'SUB', 'address': 1000}
INFO:root: tact: 200 acc: -4 memory_address: 1000 PC: 4 inst: {'opcode': 'SUB', 'address': 1000}
INFO:root: tact: 201 acc: -4 memory_address: 4 PC: 4 inst: {'opcode': 'JMPS', 'address': 985}
INFO:root: tact: 202 acc: -4 memory_address: 4 PC: 6 inst: {'opcode': 'JMPS', 'address': 985}
INFO:root: tact: 203 acc: -4 memory_address: 6 PC: 6 inst: {'opcode': 'READ', 'address': 1001}
INFO:root: tact: 204 acc: 8 memory_address: 1001 PC: 7 inst: {'opcode': 'READ', 'address': 1001}
INFO:root: tact: 205 acc: 8 memory_address: 7 PC: 7 inst: {'opcode': 'ADD', 'address': 986}
INFO:root: tact: 206 acc: 9 memory_address: 986 PC: 8 inst: {'opcode': 'ADD', 'address': 986}
INFO:root: tact: 207 acc: 9 memory_address: 8 PC: 8 inst: {'opcode': 'WRITE', 'address': 1001}
INFO:root: tact: 208 acc: 9 memory_address: 1001 PC: 9 inst: {'opcode': 'WRITE', 'address': 1001}
INFO:root: tact: 209 acc: 9 memory_address: 9 PC: 9 inst: {'opcode': 'READADR', 'address': 1000}
INFO:root: tact: 210 acc: 9 memory_address: 1000 PC: 9 inst: {'opcode': 'READADR', 'address': 1000}
INFO:root: tact: 211 acc: 1000 memory_address: 1000 PC: 10 inst: {'opcode': 'READADR', 'address': 1000}
INFO:root: tact: 212 acc: 1000 memory_address: 10 PC: 10 inst: {'opcode': 'SUB', 'address': 1001}
INFO:root: tact: 213 acc: 991 memory_address: 1001 PC: 11 inst: {'opcode': 'SUB', 'address': 1001}
INFO:root: tact: 214 acc: 991 memory_address: 11 PC: 11 inst: {'opcode': 'WRITEADR', 'address': 0}
INFO:root: tact: 215 acc: 991 memory_address: 991 PC: 11 inst: {'opcode': 'WRITEADR', 'address': 0}
INFO:root: tact: 216 acc: 114 memory_address: 991 PC: 12 inst: {'opcode': 'WRITEADR', 'address': 0}
INFO:root: tact: 217 acc: 114 memory_address: 12 PC: 12 inst: {'opcode': 'OUTPUT', 'address': 1}
INFO:root: tact: 218 acc: 114 memory_address: 12 PC: 13 inst: {'opcode': 'OUTPUT', 'address': 1}
INFO:root: tact: 219 acc: 114 memory_address: 13 PC: 13 inst: {'opcode': 'JUMP', 'address': -11}
INFO:root: tact: 220 acc: 114 memory_address: 13 PC: 2 inst: {'opcode': 'JUMP', 'address': -11}
INFO:root: tact: 221 acc: 114 memory_address: 2 PC: 2 inst: {'opcode': 'READ', 'address': 1001}
INFO:root: tact: 222 acc: 9 memory_address: 1001 PC: 3 inst: {'opcode': 'READ', 'address': 1001}
INFO:root: tact: 223 acc: 9 memory_address: 3 PC: 3 inst: {'opcode': 'SUB', 'address': 1000}
INFO:root: tact: 224 acc: -3 memory_address: 1000 PC: 4 inst: {'opcode': 'SUB', 'address': 1000}
INFO:root: tact: 225 acc: -3 memory_address: 4 PC: 4 inst: {'opcode': 'JMPS', 'address': 985}
INFO:root: tact: 226 acc: -3 memory_address: 4 PC: 6 inst: {'opcode': 'JMPS', 'address': 985}
INFO:root: tact: 227 acc: -3 memory_address: 6 PC: 6 inst: {'opcode': 'READ', 'address': 1001}
INFO:root: tact: 228 acc: 9 memory_address: 1001 PC: 7 inst: {'opcode': 'READ', 'address': 1001}
INFO:root: tact: 229 acc: 9 memory_address: 7 PC: 7 inst: {'opcode': 'ADD', 'address': 986}
INFO:root: tact: 230 acc: 10 memory_address: 986 PC: 8 inst: {'opcode': 'ADD', 'address': 986}
INFO:root: tact: 231 acc: 10 memory_address: 8 PC: 8 inst: {'opcode': 'WRITE', 'address': 1001}
INFO:root: tact: 232 acc: 10 memory_address: 1001 PC: 9 inst: {'opcode': 'WRITE', 'address': 1001}
INFO:root: tact: 233 acc: 10 memory_address: 9 PC: 9 inst: {'opcode': 'READADR', 'address': 1000}
INFO:root: tact: 234 acc: 10 memory_address: 1000 PC: 9 inst: {'opcode': 'READADR', 'address': 1000}
INFO:root: tact: 235 acc: 1000 memory_address: 1000 PC: 10 inst: {'opcode': 'READADR', 'address': 1000}
INFO:root: tact: 236 acc: 1000 memory_address: 10 PC: 10 inst: {'opcode': 'SUB', 'address': 1001}
INFO:root: tact: 237 acc: 990 memory_address: 1001 PC: 11 inst: {'opcode': 'SUB', 'address': 1001}
INFO:root: tact: 238 acc: 990 memory_address: 11 PC: 11 inst: {'opcode': 'WRITEADR', 'address': 0}
INFO:root: tact: 239 acc: 990 memory_address: 990 PC: 11 inst: {'opcode': 'WRITEADR', 'address': 0}
INFO:root: tact: 240 acc: 108 memory_address: 990 PC: 12 inst: {'opcode': 'WRITEADR', 'address': 0}
INFO:root: tact: 241 acc: 108 memory_address: 12 PC: 12 inst: {'opcode': 'OUTPUT', 'address': 1}
INFO:root: tact: 242 acc: 108 memory_address: 12 PC: 13 inst: {'opcode': 'OUTPUT', 'address': 1}
INFO:root: tact: 243 acc: 108 memory_address: 13 PC: 13 inst: {'opcode': 'JUMP', 'address': -11}
INFO:root: tact: 244 acc: 108 memory_address: 13 PC: 2 inst: {'opcode': 'JUMP', 'address': -11}
INFO:root: tact: 245 acc: 108 memory_address: 2 PC: 2 inst: {'opcode': 'READ', 'address': 1001}
INFO:root: tact: 246 acc: 10 memory_address: 1001 PC: 3 inst: {'opcode': 'READ', 'address': 1001}
INFO:root: tact: 247 acc: 10 memory_address: 3 PC: 3 inst: {'opcode': 'SUB', 'address': 1000}
INFO:root: tact: 248 acc: -2 memory_address: 1000 PC: 4 inst: {'opcode': 'SUB', 'address': 1000}
INFO:root: tact: 249 acc: -2 memory_address: 4 PC: 4 inst: {'opcode': 'JMPS', 'address': 985}
INFO:root: tact: 250 acc: -2 memory_address: 4 PC: 6 inst: {'opcode': 'JMPS', 'address': 985}
INFO:root: tact: 251 acc: -2 memory_address: 6 PC: 6 inst: {'opcode': 'READ', 'address': 1001}
INFO:root: tact: 252 acc: 10 memory_address: 1001 PC: 7 inst: {'opcode': 'READ', 'address': 1001}
INFO:root: tact: 253 acc: 10 memory_address: 7 PC: 7 inst: {'opcode': 'ADD', 'address': 986}
INFO:root: tact: 254 acc: 11 memory_address: 986 PC: 8 inst: {'opcode': 'ADD', 'address': 986}
INFO:root: tact: 255 acc: 11 memory_address: 8 PC: 8 inst: {'opcode': 'WRITE', 'address': 1001}
INFO:root: tact: 256 acc: 11 memory_address: 1001 PC: 9 inst: {'opcode': 'WRITE', 'address': 1001}
INFO:root: tact: 257 acc: 11 memory_address: 9 PC: 9 inst: {'opcode': 'READADR', 'address': 1000}
INFO:root: tact: 258 acc: 11 memory_address: 1000 PC: 9 inst: {'opcode': 'READADR', 'address': 1000}
INFO:root: tact: 259 acc: 1000 memory_address: 1000 PC: 10 inst: {'opcode': 'READADR', 'address': 1000}
INFO:root: tact: 260 acc: 1000 memory_address: 10 PC: 10 inst: {'opcode': 'SUB', 'address': 1001}
INFO:root: tact: 261 acc: 989 memory_address: 1001 PC: 11 inst: {'opcode': 'SUB', 'address': 1001}
INFO:root: tact: 262 acc: 989 memory_address: 11 PC: 11 inst: {'opcode': 'WRITEADR', 'address': 0}
INFO:root: tact: 263 acc: 989 memory_address: 989 PC: 11 inst: {'opcode': 'WRITEADR', 'address': 0}
INFO:root: tact: 264 acc: 100 memory_address: 989 PC: 12 inst: {'opcode': 'WRITEADR', 'address': 0}
INFO:root: tact: 265 acc: 100 memory_address: 12 PC: 12 inst: {'opcode': 'OUTPUT', 'address': 1}
INFO:root: tact: 266 acc: 100 memory_address: 12 PC: 13 inst: {'opcode': 'OUTPUT', 'address': 1}
INFO:root: tact: 267 acc: 100 memory_address: 13 PC: 13 inst: {'opcode': 'JUMP', 'address': -11}
INFO:root: tact: 268 acc: 100 memory_address: 13 PC: 2 inst: {'opcode': 'JUMP', 'address': -11}
INFO:root: tact: 269 acc: 100 memory_address: 2 PC: 2 inst: {'opcode': 'READ', 'address': 1001}
INFO:root: tact: 270 acc: 11 memory_address: 1001 PC: 3 inst: {'opcode': 'READ', 'address': 1001}
INFO:root: tact: 271 acc: 11 memory_address: 3 PC: 3 inst: {'opcode': 'SUB', 'address': 1000}
INFO:root: tact: 272 acc: -1 memory_address: 1000 PC: 4 inst: {'opcode': 'SUB', 'address': 1000}
INFO:root: tact: 273 acc: -1 memory_address: 4 PC: 4 inst: {'opcode': 'JMPS', 'address': 985}
INFO:root: tact: 274 acc: -1 memory_address: 4 PC: 6 inst: {'opcode': 'JMPS', 'address': 985}
INFO:root: tact: 275 acc: -1 memory_address: 6 PC: 6 inst: {'opcode': 'READ', 'address': 1001}
INFO:root: tact: 276 acc: 11 memory_address: 1001 PC: 7 inst: {'opcode': 'READ', 'address': 1001}
INFO:root: tact: 277 acc: 11 memory_address: 7 PC: 7 inst: {'opcode': 'ADD', 'address': 986}
INFO:root: tact: 278 acc: 12 memory_address: 986 PC: 8 inst: {'opcode': 'ADD', 'address': 986}
INFO:root: tact: 279 acc: 12 memory_address: 8 PC: 8 inst: {'opcode': 'WRITE', 'address': 1001}
INFO:root: tact: 280 acc: 12 memory_address: 1001 PC: 9 inst: {'opcode': 'WRITE', 'address': 1001}
INFO:root: tact: 281 acc: 12 memory_address: 9 PC: 9 inst: {'opcode': 'READADR', 'address': 1000}
INFO:root: tact: 282 acc: 12 memory_address: 1000 PC: 9 inst: {'opcode': 'READADR', 'address': 1000}
INFO:root: tact: 283 acc: 1000 memory_address: 1000 PC: 10 inst: {'opcode': 'READADR', 'address': 1000}
INFO:root: tact: 284 acc: 1000 memory_address: 10 PC: 10 inst: {'opcode': 'SUB', 'address': 1001}
INFO:root: tact: 285 acc: 988 memory_address: 1001 PC: 11 inst: {'opcode': 'SUB', 'address': 1001}
INFO:root: tact: 286 acc: 988 memory_address: 11 PC: 11 inst: {'opcode': 'WRITEADR', 'address': 0}
INFO:root: tact: 287 acc: 988 memory_address: 988 PC: 11 inst: {'opcode': 'WRITEADR', 'address': 0}
INFO:root: tact: 288 acc: 33 memory_address: 988 PC: 12 inst: {'opcode': 'WRITEADR', 'address': 0}
INFO:root: tact: 289 acc: 33 memory_address: 12 PC: 12 inst: {'opcode': 'OUTPUT', 'address': 1}
INFO:root: tact: 290 acc: 33 memory_address: 12 PC: 13 inst: {'opcode': 'OUTPUT', 'address': 1}
INFO:root: tact: 291 acc: 33 memory_address: 13 PC: 13 inst: {'opcode': 'JUMP', 'address': -11}
INFO:root: tact: 292 acc: 33 memory_address: 13 PC: 2 inst: {'opcode': 'JUMP', 'address': -11}
INFO:root: tact: 293 acc: 33 memory_address: 2 PC: 2 inst: {'opcode': 'READ', 'address': 1001}
INFO:root: tact: 294 acc: 12 memory_address: 1001 PC: 3 inst: {'opcode': 'READ', 'address': 1001}
INFO:root: tact: 295 acc: 12 memory_address: 3 PC: 3 inst: {'opcode': 'SUB', 'address': 1000}
INFO:root: tact: 296 acc: 0 memory_address: 1000 PC: 4 inst: {'opcode': 'SUB', 'address': 1000}
INFO:root: tact: 297 acc: 0 memory_address: 4 PC: 4 inst: {'opcode': 'JMPS', 'address': 985}
INFO:root: tact: 298 acc: 0 memory_address: 4 PC: 5 inst: {'opcode': 'JMPS', 'address': 985}
INFO:root: tact: 299 acc: 0 memory_address: 5 PC: 5 inst: {'opcode': 'JUMP', 'address': 9}
INFO:root: tact: 300 acc: 0 memory_address: 5 PC: 14 inst: {'opcode': 'JUMP', 'address': 9}
INFO:root: tact: 301 acc: 0 memory_address: 14 PC: 14 inst: None
